<?xml version="1.0" encoding="utf-8"?><testsuites name="pytest tests"><testsuite name="pytest" errors="25" failures="0" skipped="0" tests="25" time="6.544" timestamp="2026-08-31T15:20:32.977211+02:00" hostname="T14-PF4WM3XL"><testcase classname="" name="tests.test_canonical_artifacts" time="0.000"><error message="collection failure">ImportError while importing test module 'C:\Users\angel.alvarez\PycharmProjects\mad-data-lab\tests\test_canonical_artifacts.py'.
Hint: make sure your test modules/packages have valid Python names.
Traceback:
..\..\AppData\Local\Programs\Python\Python311\Lib\importlib\__init__.py:126: in import_module
    return _bootstrap._gcd_import(name[level:], package, level)
           ^^^^^^^^^^^^^^^^^^^^^^^^^^^^^^^^^^^^^^^^^^^^^^^^^^^^
tests\test_canonical_artifacts.py:7: in &lt;module&gt;
    from backend.domain.catalog import CatalogError, load_catalog, load_case_models
backend\domain\__init__.py:3: in &lt;module&gt;
    from .catalog import CatalogError, load_catalog, load_case_models
backend\domain\catalog.py:10: in &lt;module&gt;
    from .models import Case
backend\domain\models.py:7: in &lt;module&gt;
    from pydantic import BaseModel, ConfigDict, Field, model_validator
.testdeps\pydantic\__init__.py:5: in &lt;module&gt;
    from ._migration import getattr_migration
.testdeps\pydantic\_migration.py:4: in &lt;module&gt;
    from pydantic.warnings import PydanticDeprecatedSince20
.testdeps\pydantic\warnings.py:5: in &lt;module&gt;
    from .version import version_short
.testdeps\pydantic\version.py:7: in &lt;module&gt;
    from pydantic_core import __version__ as __pydantic_core_version__
.testdeps\pydantic_core\__init__.py:8: in &lt;module&gt;
    from ._pydantic_core import (
E   ModuleNotFoundError: No module named 'pydantic_core._pydantic_core'</error></testcase><testcase classname="" name="tests.test_case_contract" time="0.000"><error message="collection failure">ImportError while importing test module 'C:\Users\angel.alvarez\PycharmProjects\mad-data-lab\tests\test_case_contract.py'.
Hint: make sure your test modules/packages have valid Python names.
Traceback:
..\..\AppData\Local\Programs\Python\Python311\Lib\importlib\__init__.py:126: in import_module
    return _bootstrap._gcd_import(name[level:], package, level)
           ^^^^^^^^^^^^^^^^^^^^^^^^^^^^^^^^^^^^^^^^^^^^^^^^^^^^
tests\test_case_contract.py:6: in &lt;module&gt;
    from fastapi.testclient import TestClient
.testdeps\fastapi\__init__.py:7: in &lt;module&gt;
    from .applications import FastAPI as FastAPI
.testdeps\fastapi\applications.py:7: in &lt;module&gt;
    from fastapi import routing
.testdeps\fastapi\routing.py:45: in &lt;module&gt;
    from fastapi import params
.testdeps\fastapi\params.py:7: in &lt;module&gt;
    from fastapi.exceptions import FastAPIDeprecationWarning
.testdeps\fastapi\exceptions.py:5: in &lt;module&gt;
    from pydantic import BaseModel, create_model
.testdeps\pydantic\__init__.py:5: in &lt;module&gt;
    from ._migration import getattr_migration
.testdeps\pydantic\_migration.py:4: in &lt;module&gt;
    from pydantic.warnings import PydanticDeprecatedSince20
.testdeps\pydantic\warnings.py:5: in &lt;module&gt;
    from .version import version_short
.testdeps\pydantic\version.py:7: in &lt;module&gt;
    from pydantic_core import __version__ as __pydantic_core_version__
.testdeps\pydantic_core\__init__.py:8: in &lt;module&gt;
    from ._pydantic_core import (
E   ModuleNotFoundError: No module named 'pydantic_core._pydantic_core'</error></testcase><testcase classname="" name="tests.test_catalog_runtime_boundary" time="0.000"><error message="collection failure">ImportError while importing test module 'C:\Users\angel.alvarez\PycharmProjects\mad-data-lab\tests\test_catalog_runtime_boundary.py'.
Hint: make sure your test modules/packages have valid Python names.
Traceback:
..\..\AppData\Local\Programs\Python\Python311\Lib\importlib\__init__.py:126: in import_module
    return _bootstrap._gcd_import(name[level:], package, level)
           ^^^^^^^^^^^^^^^^^^^^^^^^^^^^^^^^^^^^^^^^^^^^^^^^^^^^
tests\test_catalog_runtime_boundary.py:1: in &lt;module&gt;
    from server.catalog import CANONICAL_PUBLIC_CATALOG, DEFAULT_CASE_ID
server\catalog.py:6: in &lt;module&gt;
    from backend.domain.catalog import load_catalog
backend\domain\__init__.py:3: in &lt;module&gt;
    from .catalog import CatalogError, load_catalog, load_case_models
backend\domain\catalog.py:10: in &lt;module&gt;
    from .models import Case
backend\domain\models.py:7: in &lt;module&gt;
    from pydantic import BaseModel, ConfigDict, Field, model_validator
.testdeps\pydantic\__init__.py:5: in &lt;module&gt;
    from ._migration import getattr_migration
.testdeps\pydantic\_migration.py:4: in &lt;module&gt;
    from pydantic.warnings import PydanticDeprecatedSince20
.testdeps\pydantic\warnings.py:5: in &lt;module&gt;
    from .version import version_short
.testdeps\pydantic\version.py:7: in &lt;module&gt;
    from pydantic_core import __version__ as __pydantic_core_version__
.testdeps\pydantic_core\__init__.py:8: in &lt;module&gt;
    from ._pydantic_core import (
E   ModuleNotFoundError: No module named 'pydantic_core._pydantic_core'</error></testcase><testcase classname="" name="tests.test_domain_models" time="0.000"><error message="collection failure">ImportError while importing test module 'C:\Users\angel.alvarez\PycharmProjects\mad-data-lab\tests\test_domain_models.py'.
Hint: make sure your test modules/packages have valid Python names.
Traceback:
..\..\AppData\Local\Programs\Python\Python311\Lib\importlib\__init__.py:126: in import_module
    return _bootstrap._gcd_import(name[level:], package, level)
           ^^^^^^^^^^^^^^^^^^^^^^^^^^^^^^^^^^^^^^^^^^^^^^^^^^^^
tests\test_domain_models.py:2: in &lt;module&gt;
    from pydantic import ValidationError
.testdeps\pydantic\__init__.py:5: in &lt;module&gt;
    from ._migration import getattr_migration
.testdeps\pydantic\_migration.py:4: in &lt;module&gt;
    from pydantic.warnings import PydanticDeprecatedSince20
.testdeps\pydantic\warnings.py:5: in &lt;module&gt;
    from .version import version_short
.testdeps\pydantic\version.py:7: in &lt;module&gt;
    from pydantic_core import __version__ as __pydantic_core_version__
.testdeps\pydantic_core\__init__.py:8: in &lt;module&gt;
    from ._pydantic_core import (
E   ModuleNotFoundError: No module named 'pydantic_core._pydantic_core'</error></testcase><testcase classname="" name="tests.test_genie_client" time="0.000"><error message="collection failure">ImportError while importing test module 'C:\Users\angel.alvarez\PycharmProjects\mad-data-lab\tests\test_genie_client.py'.
Hint: make sure your test modules/packages have valid Python names.
Traceback:
..\..\AppData\Local\Programs\Python\Python311\Lib\importlib\__init__.py:126: in import_module
    return _bootstrap._gcd_import(name[level:], package, level)
           ^^^^^^^^^^^^^^^^^^^^^^^^^^^^^^^^^^^^^^^^^^^^^^^^^^^^
tests\test_genie_client.py:5: in &lt;module&gt;
    from backend.genie.client import GenieClientError, MessageState, normalize_message
backend\genie\__init__.py:3: in &lt;module&gt;
    from .protocol import (
backend\genie\protocol.py:14: in &lt;module&gt;
    from pydantic import BaseModel, ConfigDict, Field, field_validator, model_validator
.testdeps\pydantic\__init__.py:5: in &lt;module&gt;
    from ._migration import getattr_migration
.testdeps\pydantic\_migration.py:4: in &lt;module&gt;
    from pydantic.warnings import PydanticDeprecatedSince20
.testdeps\pydantic\warnings.py:5: in &lt;module&gt;
    from .version import version_short
.testdeps\pydantic\version.py:7: in &lt;module&gt;
    from pydantic_core import __version__ as __pydantic_core_version__
.testdeps\pydantic_core\__init__.py:8: in &lt;module&gt;
    from ._pydantic_core import (
E   ModuleNotFoundError: No module named 'pydantic_core._pydantic_core'</error></testcase><testcase classname="" name="tests.test_genie_retry_policy" time="0.000"><error message="collection failure">ImportError while importing test module 'C:\Users\angel.alvarez\PycharmProjects\mad-data-lab\tests\test_genie_retry_policy.py'.
Hint: make sure your test modules/packages have valid Python names.
Traceback:
..\..\AppData\Local\Programs\Python\Python311\Lib\importlib\__init__.py:126: in import_module
    return _bootstrap._gcd_import(name[level:], package, level)
           ^^^^^^^^^^^^^^^^^^^^^^^^^^^^^^^^^^^^^^^^^^^^^^^^^^^^
tests\test_genie_retry_policy.py:6: in &lt;module&gt;
    from server.genie import GenieAdapter
server\genie.py:11: in &lt;module&gt;
    from .catalog import DEFAULT_CASE_ID, get_any_case
server\catalog.py:6: in &lt;module&gt;
    from backend.domain.catalog import load_catalog
backend\domain\__init__.py:3: in &lt;module&gt;
    from .catalog import CatalogError, load_catalog, load_case_models
backend\domain\catalog.py:10: in &lt;module&gt;
    from .models import Case
backend\domain\models.py:7: in &lt;module&gt;
    from pydantic import BaseModel, ConfigDict, Field, model_validator
.testdeps\pydantic\__init__.py:5: in &lt;module&gt;
    from ._migration import getattr_migration
.testdeps\pydantic\_migration.py:4: in &lt;module&gt;
    from pydantic.warnings import PydanticDeprecatedSince20
.testdeps\pydantic\warnings.py:5: in &lt;module&gt;
    from .version import version_short
.testdeps\pydantic\version.py:7: in &lt;module&gt;
    from pydantic_core import __version__ as __pydantic_core_version__
.testdeps\pydantic_core\__init__.py:8: in &lt;module&gt;
    from ._pydantic_core import (
E   ModuleNotFoundError: No module named 'pydantic_core._pydantic_core'</error></testcase><testcase classname="" name="tests.test_genie_timing" time="0.000"><error message="collection failure">ImportError while importing test module 'C:\Users\angel.alvarez\PycharmProjects\mad-data-lab\tests\test_genie_timing.py'.
Hint: make sure your test modules/packages have valid Python names.
Traceback:
..\..\AppData\Local\Programs\Python\Python311\Lib\importlib\__init__.py:126: in import_module
    return _bootstrap._gcd_import(name[level:], package, level)
           ^^^^^^^^^^^^^^^^^^^^^^^^^^^^^^^^^^^^^^^^^^^^^^^^^^^^
tests\test_genie_timing.py:5: in &lt;module&gt;
    from server.genie import GenieAdapter
server\genie.py:11: in &lt;module&gt;
    from .catalog import DEFAULT_CASE_ID, get_any_case
server\catalog.py:6: in &lt;module&gt;
    from backend.domain.catalog import load_catalog
backend\domain\__init__.py:3: in &lt;module&gt;
    from .catalog import CatalogError, load_catalog, load_case_models
backend\domain\catalog.py:10: in &lt;module&gt;
    from .models import Case
backend\domain\models.py:7: in &lt;module&gt;
    from pydantic import BaseModel, ConfigDict, Field, model_validator
.testdeps\pydantic\__init__.py:5: in &lt;module&gt;
    from ._migration import getattr_migration
.testdeps\pydantic\_migration.py:4: in &lt;module&gt;
    from pydantic.warnings import PydanticDeprecatedSince20
.testdeps\pydantic\warnings.py:5: in &lt;module&gt;
    from .version import version_short
.testdeps\pydantic\version.py:7: in &lt;module&gt;
    from pydantic_core import __version__ as __pydantic_core_version__
.testdeps\pydantic_core\__init__.py:8: in &lt;module&gt;
    from ._pydantic_core import (
E   ModuleNotFoundError: No module named 'pydantic_core._pydantic_core'</error></testcase><testcase classname="" name="tests.test_live_v3_bridge" time="0.000"><error message="collection failure">ImportError while importing test module 'C:\Users\angel.alvarez\PycharmProjects\mad-data-lab\tests\test_live_v3_bridge.py'.
Hint: make sure your test modules/packages have valid Python names.
Traceback:
..\..\AppData\Local\Programs\Python\Python311\Lib\importlib\__init__.py:126: in import_module
    return _bootstrap._gcd_import(name[level:], package, level)
           ^^^^^^^^^^^^^^^^^^^^^^^^^^^^^^^^^^^^^^^^^^^^^^^^^^^^
tests\test_live_v3_bridge.py:5: in &lt;module&gt;
    from server.genie import GenieAdapter
server\genie.py:11: in &lt;module&gt;
    from .catalog import DEFAULT_CASE_ID, get_any_case
server\catalog.py:6: in &lt;module&gt;
    from backend.domain.catalog import load_catalog
backend\domain\__init__.py:3: in &lt;module&gt;
    from .catalog import CatalogError, load_catalog, load_case_models
backend\domain\catalog.py:10: in &lt;module&gt;
    from .models import Case
backend\domain\models.py:7: in &lt;module&gt;
    from pydantic import BaseModel, ConfigDict, Field, model_validator
.testdeps\pydantic\__init__.py:5: in &lt;module&gt;
    from ._migration import getattr_migration
.testdeps\pydantic\_migration.py:4: in &lt;module&gt;
    from pydantic.warnings import PydanticDeprecatedSince20
.testdeps\pydantic\warnings.py:5: in &lt;module&gt;
    from .version import version_short
.testdeps\pydantic\version.py:7: in &lt;module&gt;
    from pydantic_core import __version__ as __pydantic_core_version__
.testdeps\pydantic_core\__init__.py:8: in &lt;module&gt;
    from ._pydantic_core import (
E   ModuleNotFoundError: No module named 'pydantic_core._pydantic_core'</error></testcase><testcase classname="" name="tests.test_mdl3_config_digest" time="0.000"><error message="collection failure">ImportError while importing test module 'C:\Users\angel.alvarez\PycharmProjects\mad-data-lab\tests\test_mdl3_config_digest.py'.
Hint: make sure your test modules/packages have valid Python names.
Traceback:
..\..\AppData\Local\Programs\Python\Python311\Lib\importlib\__init__.py:126: in import_module
    return _bootstrap._gcd_import(name[level:], package, level)
           ^^^^^^^^^^^^^^^^^^^^^^^^^^^^^^^^^^^^^^^^^^^^^^^^^^^^
tests\test_mdl3_config_digest.py:5: in &lt;module&gt;
    from backend.genie.config_digest import file_digest, genie_contract_digest, load_benchmark, render_agent_source
backend\genie\__init__.py:3: in &lt;module&gt;
    from .protocol import (
backend\genie\protocol.py:14: in &lt;module&gt;
    from pydantic import BaseModel, ConfigDict, Field, field_validator, model_validator
.testdeps\pydantic\__init__.py:5: in &lt;module&gt;
    from ._migration import getattr_migration
.testdeps\pydantic\_migration.py:4: in &lt;module&gt;
    from pydantic.warnings import PydanticDeprecatedSince20
.testdeps\pydantic\warnings.py:5: in &lt;module&gt;
    from .version import version_short
.testdeps\pydantic\version.py:7: in &lt;module&gt;
    from pydantic_core import __version__ as __pydantic_core_version__
.testdeps\pydantic_core\__init__.py:8: in &lt;module&gt;
    from ._pydantic_core import (
E   ModuleNotFoundError: No module named 'pydantic_core._pydantic_core'</error></testcase><testcase classname="" name="tests.test_mdl3_decisions" time="0.000"><error message="collection failure">ImportError while importing test module 'C:\Users\angel.alvarez\PycharmProjects\mad-data-lab\tests\test_mdl3_decisions.py'.
Hint: make sure your test modules/packages have valid Python names.
Traceback:
..\..\AppData\Local\Programs\Python\Python311\Lib\importlib\__init__.py:126: in import_module
    return _bootstrap._gcd_import(name[level:], package, level)
           ^^^^^^^^^^^^^^^^^^^^^^^^^^^^^^^^^^^^^^^^^^^^^^^^^^^^
tests\test_mdl3_decisions.py:3: in &lt;module&gt;
    from backend.genie.decisions import PendingDecisionStore, make_pending_decision
backend\genie\__init__.py:3: in &lt;module&gt;
    from .protocol import (
backend\genie\protocol.py:14: in &lt;module&gt;
    from pydantic import BaseModel, ConfigDict, Field, field_validator, model_validator
.testdeps\pydantic\__init__.py:5: in &lt;module&gt;
    from ._migration import getattr_migration
.testdeps\pydantic\_migration.py:4: in &lt;module&gt;
    from pydantic.warnings import PydanticDeprecatedSince20
.testdeps\pydantic\warnings.py:5: in &lt;module&gt;
    from .version import version_short
.testdeps\pydantic\version.py:7: in &lt;module&gt;
    from pydantic_core import __version__ as __pydantic_core_version__
.testdeps\pydantic_core\__init__.py:8: in &lt;module&gt;
    from ._pydantic_core import (
E   ModuleNotFoundError: No module named 'pydantic_core._pydantic_core'</error></testcase><testcase classname="" name="tests.test_mdl3_evidence" time="0.000"><error message="collection failure">ImportError while importing test module 'C:\Users\angel.alvarez\PycharmProjects\mad-data-lab\tests\test_mdl3_evidence.py'.
Hint: make sure your test modules/packages have valid Python names.
Traceback:
..\..\AppData\Local\Programs\Python\Python311\Lib\importlib\__init__.py:126: in import_module
    return _bootstrap._gcd_import(name[level:], package, level)
           ^^^^^^^^^^^^^^^^^^^^^^^^^^^^^^^^^^^^^^^^^^^^^^^^^^^^
tests\test_mdl3_evidence.py:3: in &lt;module&gt;
    from backend.genie.evidence import EvidenceIdentity, validate_evidence_identity
backend\genie\__init__.py:3: in &lt;module&gt;
    from .protocol import (
backend\genie\protocol.py:14: in &lt;module&gt;
    from pydantic import BaseModel, ConfigDict, Field, field_validator, model_validator
.testdeps\pydantic\__init__.py:5: in &lt;module&gt;
    from ._migration import getattr_migration
.testdeps\pydantic\_migration.py:4: in &lt;module&gt;
    from pydantic.warnings import PydanticDeprecatedSince20
.testdeps\pydantic\warnings.py:5: in &lt;module&gt;
    from .version import version_short
.testdeps\pydantic\version.py:7: in &lt;module&gt;
    from pydantic_core import __version__ as __pydantic_core_version__
.testdeps\pydantic_core\__init__.py:8: in &lt;module&gt;
    from ._pydantic_core import (
E   ModuleNotFoundError: No module named 'pydantic_core._pydantic_core'</error></testcase><testcase classname="" name="tests.test_mdl3_lifecycle" time="0.000"><error message="collection failure">ImportError while importing test module 'C:\Users\angel.alvarez\PycharmProjects\mad-data-lab\tests\test_mdl3_lifecycle.py'.
Hint: make sure your test modules/packages have valid Python names.
Traceback:
..\..\AppData\Local\Programs\Python\Python311\Lib\importlib\__init__.py:126: in import_module
    return _bootstrap._gcd_import(name[level:], package, level)
           ^^^^^^^^^^^^^^^^^^^^^^^^^^^^^^^^^^^^^^^^^^^^^^^^^^^^
tests\test_mdl3_lifecycle.py:1: in &lt;module&gt;
    from backend.genie.lifecycle import GenieTurn, TurnFailure
backend\genie\__init__.py:3: in &lt;module&gt;
    from .protocol import (
backend\genie\protocol.py:14: in &lt;module&gt;
    from pydantic import BaseModel, ConfigDict, Field, field_validator, model_validator
.testdeps\pydantic\__init__.py:5: in &lt;module&gt;
    from ._migration import getattr_migration
.testdeps\pydantic\_migration.py:4: in &lt;module&gt;
    from pydantic.warnings import PydanticDeprecatedSince20
.testdeps\pydantic\warnings.py:5: in &lt;module&gt;
    from .version import version_short
.testdeps\pydantic\version.py:7: in &lt;module&gt;
    from pydantic_core import __version__ as __pydantic_core_version__
.testdeps\pydantic_core\__init__.py:8: in &lt;module&gt;
    from ._pydantic_core import (
E   ModuleNotFoundError: No module named 'pydantic_core._pydantic_core'</error></testcase><testcase classname="" name="tests.test_mdl3_protocol" time="0.000"><error message="collection failure">ImportError while importing test module 'C:\Users\angel.alvarez\PycharmProjects\mad-data-lab\tests\test_mdl3_protocol.py'.
Hint: make sure your test modules/packages have valid Python names.
Traceback:
..\..\AppData\Local\Programs\Python\Python311\Lib\importlib\__init__.py:126: in import_module
    return _bootstrap._gcd_import(name[level:], package, level)
           ^^^^^^^^^^^^^^^^^^^^^^^^^^^^^^^^^^^^^^^^^^^^^^^^^^^^
tests\test_mdl3_protocol.py:5: in &lt;module&gt;
    from backend.genie.protocol import Action, Instrument, extract_control_object, validate_control_response
backend\genie\__init__.py:3: in &lt;module&gt;
    from .protocol import (
backend\genie\protocol.py:14: in &lt;module&gt;
    from pydantic import BaseModel, ConfigDict, Field, field_validator, model_validator
.testdeps\pydantic\__init__.py:5: in &lt;module&gt;
    from ._migration import getattr_migration
.testdeps\pydantic\_migration.py:4: in &lt;module&gt;
    from pydantic.warnings import PydanticDeprecatedSince20
.testdeps\pydantic\warnings.py:5: in &lt;module&gt;
    from .version import version_short
.testdeps\pydantic\version.py:7: in &lt;module&gt;
    from pydantic_core import __version__ as __pydantic_core_version__
.testdeps\pydantic_core\__init__.py:8: in &lt;module&gt;
    from ._pydantic_core import (
E   ModuleNotFoundError: No module named 'pydantic_core._pydantic_core'</error></testcase><testcase classname="" name="tests.test_mdl4_game_flow" time="0.000"><error message="collection failure">ImportError while importing test module 'C:\Users\angel.alvarez\PycharmProjects\mad-data-lab\tests\test_mdl4_game_flow.py'.
Hint: make sure your test modules/packages have valid Python names.
Traceback:
..\..\AppData\Local\Programs\Python\Python311\Lib\importlib\__init__.py:126: in import_module
    return _bootstrap._gcd_import(name[level:], package, level)
           ^^^^^^^^^^^^^^^^^^^^^^^^^^^^^^^^^^^^^^^^^^^^^^^^^^^^
tests\test_mdl4_game_flow.py:5: in &lt;module&gt;
    from fastapi.testclient import TestClient
.testdeps\fastapi\__init__.py:7: in &lt;module&gt;
    from .applications import FastAPI as FastAPI
.testdeps\fastapi\applications.py:7: in &lt;module&gt;
    from fastapi import routing
.testdeps\fastapi\routing.py:45: in &lt;module&gt;
    from fastapi import params
.testdeps\fastapi\params.py:7: in &lt;module&gt;
    from fastapi.exceptions import FastAPIDeprecationWarning
.testdeps\fastapi\exceptions.py:5: in &lt;module&gt;
    from pydantic import BaseModel, create_model
.testdeps\pydantic\__init__.py:5: in &lt;module&gt;
    from ._migration import getattr_migration
.testdeps\pydantic\_migration.py:4: in &lt;module&gt;
    from pydantic.warnings import PydanticDeprecatedSince20
.testdeps\pydantic\warnings.py:5: in &lt;module&gt;
    from .version import version_short
.testdeps\pydantic\version.py:7: in &lt;module&gt;
    from pydantic_core import __version__ as __pydantic_core_version__
.testdeps\pydantic_core\__init__.py:8: in &lt;module&gt;
    from ._pydantic_core import (
E   ModuleNotFoundError: No module named 'pydantic_core._pydantic_core'</error></testcase><testcase classname="" name="tests.test_mdl5_genie_hardening" time="0.000"><error message="collection failure">ImportError while importing test module 'C:\Users\angel.alvarez\PycharmProjects\mad-data-lab\tests\test_mdl5_genie_hardening.py'.
Hint: make sure your test modules/packages have valid Python names.
Traceback:
..\..\AppData\Local\Programs\Python\Python311\Lib\importlib\__init__.py:126: in import_module
    return _bootstrap._gcd_import(name[level:], package, level)
           ^^^^^^^^^^^^^^^^^^^^^^^^^^^^^^^^^^^^^^^^^^^^^^^^^^^^
tests\test_mdl5_genie_hardening.py:6: in &lt;module&gt;
    from backend.genie.protocol import validate_control_response
backend\genie\__init__.py:3: in &lt;module&gt;
    from .protocol import (
backend\genie\protocol.py:14: in &lt;module&gt;
    from pydantic import BaseModel, ConfigDict, Field, field_validator, model_validator
.testdeps\pydantic\__init__.py:5: in &lt;module&gt;
    from ._migration import getattr_migration
.testdeps\pydantic\_migration.py:4: in &lt;module&gt;
    from pydantic.warnings import PydanticDeprecatedSince20
.testdeps\pydantic\warnings.py:5: in &lt;module&gt;
    from .version import version_short
.testdeps\pydantic\version.py:7: in &lt;module&gt;
    from pydantic_core import __version__ as __pydantic_core_version__
.testdeps\pydantic_core\__init__.py:8: in &lt;module&gt;
    from ._pydantic_core import (
E   ModuleNotFoundError: No module named 'pydantic_core._pydantic_core'</error></testcase><testcase classname="" name="tests.test_mdl6_circuit_breaker" time="0.000"><error message="collection failure">ImportError while importing test module 'C:\Users\angel.alvarez\PycharmProjects\mad-data-lab\tests\test_mdl6_circuit_breaker.py'.
Hint: make sure your test modules/packages have valid Python names.
Traceback:
..\..\AppData\Local\Programs\Python\Python311\Lib\importlib\__init__.py:126: in import_module
    return _bootstrap._gcd_import(name[level:], package, level)
           ^^^^^^^^^^^^^^^^^^^^^^^^^^^^^^^^^^^^^^^^^^^^^^^^^^^^
tests\test_mdl6_circuit_breaker.py:3: in &lt;module&gt;
    from server.genie import CircuitOpenError, SessionCircuitBreaker
server\genie.py:11: in &lt;module&gt;
    from .catalog import DEFAULT_CASE_ID, get_any_case
server\catalog.py:6: in &lt;module&gt;
    from backend.domain.catalog import load_catalog
backend\domain\__init__.py:3: in &lt;module&gt;
    from .catalog import CatalogError, load_catalog, load_case_models
backend\domain\catalog.py:10: in &lt;module&gt;
    from .models import Case
backend\domain\models.py:7: in &lt;module&gt;
    from pydantic import BaseModel, ConfigDict, Field, model_validator
.testdeps\pydantic\__init__.py:5: in &lt;module&gt;
    from ._migration import getattr_migration
.testdeps\pydantic\_migration.py:4: in &lt;module&gt;
    from pydantic.warnings import PydanticDeprecatedSince20
.testdeps\pydantic\warnings.py:5: in &lt;module&gt;
    from .version import version_short
.testdeps\pydantic\version.py:7: in &lt;module&gt;
    from pydantic_core import __version__ as __pydantic_core_version__
.testdeps\pydantic_core\__init__.py:8: in &lt;module&gt;
    from ._pydantic_core import (
E   ModuleNotFoundError: No module named 'pydantic_core._pydantic_core'</error></testcase><testcase classname="" name="tests.test_mdl6_data_failures" time="0.000"><error message="collection failure">ImportError while importing test module 'C:\Users\angel.alvarez\PycharmProjects\mad-data-lab\tests\test_mdl6_data_failures.py'.
Hint: make sure your test modules/packages have valid Python names.
Traceback:
..\..\AppData\Local\Programs\Python\Python311\Lib\importlib\__init__.py:126: in import_module
    return _bootstrap._gcd_import(name[level:], package, level)
           ^^^^^^^^^^^^^^^^^^^^^^^^^^^^^^^^^^^^^^^^^^^^^^^^^^^^
tests\test_mdl6_data_failures.py:4: in &lt;module&gt;
    from fastapi.testclient import TestClient
.testdeps\fastapi\__init__.py:7: in &lt;module&gt;
    from .applications import FastAPI as FastAPI
.testdeps\fastapi\applications.py:7: in &lt;module&gt;
    from fastapi import routing
.testdeps\fastapi\routing.py:45: in &lt;module&gt;
    from fastapi import params
.testdeps\fastapi\params.py:7: in &lt;module&gt;
    from fastapi.exceptions import FastAPIDeprecationWarning
.testdeps\fastapi\exceptions.py:5: in &lt;module&gt;
    from pydantic import BaseModel, create_model
.testdeps\pydantic\__init__.py:5: in &lt;module&gt;
    from ._migration import getattr_migration
.testdeps\pydantic\_migration.py:4: in &lt;module&gt;
    from pydantic.warnings import PydanticDeprecatedSince20
.testdeps\pydantic\warnings.py:5: in &lt;module&gt;
    from .version import version_short
.testdeps\pydantic\version.py:7: in &lt;module&gt;
    from pydantic_core import __version__ as __pydantic_core_version__
.testdeps\pydantic_core\__init__.py:8: in &lt;module&gt;
    from ._pydantic_core import (
E   ModuleNotFoundError: No module named 'pydantic_core._pydantic_core'</error></testcase><testcase classname="" name="tests.test_mdl6_error_mapping" time="0.000"><error message="collection failure">ImportError while importing test module 'C:\Users\angel.alvarez\PycharmProjects\mad-data-lab\tests\test_mdl6_error_mapping.py'.
Hint: make sure your test modules/packages have valid Python names.
Traceback:
..\..\AppData\Local\Programs\Python\Python311\Lib\importlib\__init__.py:126: in import_module
    return _bootstrap._gcd_import(name[level:], package, level)
           ^^^^^^^^^^^^^^^^^^^^^^^^^^^^^^^^^^^^^^^^^^^^^^^^^^^^
tests\test_mdl6_error_mapping.py:1: in &lt;module&gt;
    from fastapi import HTTPException
.testdeps\fastapi\__init__.py:7: in &lt;module&gt;
    from .applications import FastAPI as FastAPI
.testdeps\fastapi\applications.py:7: in &lt;module&gt;
    from fastapi import routing
.testdeps\fastapi\routing.py:45: in &lt;module&gt;
    from fastapi import params
.testdeps\fastapi\params.py:7: in &lt;module&gt;
    from fastapi.exceptions import FastAPIDeprecationWarning
.testdeps\fastapi\exceptions.py:5: in &lt;module&gt;
    from pydantic import BaseModel, create_model
.testdeps\pydantic\__init__.py:5: in &lt;module&gt;
    from ._migration import getattr_migration
.testdeps\pydantic\_migration.py:4: in &lt;module&gt;
    from pydantic.warnings import PydanticDeprecatedSince20
.testdeps\pydantic\warnings.py:5: in &lt;module&gt;
    from .version import version_short
.testdeps\pydantic\version.py:7: in &lt;module&gt;
    from pydantic_core import __version__ as __pydantic_core_version__
.testdeps\pydantic_core\__init__.py:8: in &lt;module&gt;
    from ._pydantic_core import (
E   ModuleNotFoundError: No module named 'pydantic_core._pydantic_core'</error></testcase><testcase classname="" name="tests.test_mdl6_errors" time="0.000"><error message="collection failure">ImportError while importing test module 'C:\Users\angel.alvarez\PycharmProjects\mad-data-lab\tests\test_mdl6_errors.py'.
Hint: make sure your test modules/packages have valid Python names.
Traceback:
..\..\AppData\Local\Programs\Python\Python311\Lib\importlib\__init__.py:126: in import_module
    return _bootstrap._gcd_import(name[level:], package, level)
           ^^^^^^^^^^^^^^^^^^^^^^^^^^^^^^^^^^^^^^^^^^^^^^^^^^^^
tests\test_mdl6_errors.py:4: in &lt;module&gt;
    from fastapi.testclient import TestClient
.testdeps\fastapi\__init__.py:7: in &lt;module&gt;
    from .applications import FastAPI as FastAPI
.testdeps\fastapi\applications.py:7: in &lt;module&gt;
    from fastapi import routing
.testdeps\fastapi\routing.py:45: in &lt;module&gt;
    from fastapi import params
.testdeps\fastapi\params.py:7: in &lt;module&gt;
    from fastapi.exceptions import FastAPIDeprecationWarning
.testdeps\fastapi\exceptions.py:5: in &lt;module&gt;
    from pydantic import BaseModel, create_model
.testdeps\pydantic\__init__.py:5: in &lt;module&gt;
    from ._migration import getattr_migration
.testdeps\pydantic\_migration.py:4: in &lt;module&gt;
    from pydantic.warnings import PydanticDeprecatedSince20
.testdeps\pydantic\warnings.py:5: in &lt;module&gt;
    from .version import version_short
.testdeps\pydantic\version.py:7: in &lt;module&gt;
    from pydantic_core import __version__ as __pydantic_core_version__
.testdeps\pydantic_core\__init__.py:8: in &lt;module&gt;
    from ._pydantic_core import (
E   ModuleNotFoundError: No module named 'pydantic_core._pydantic_core'</error></testcase><testcase classname="" name="tests.test_mdl6_observability" time="0.000"><error message="collection failure">ImportError while importing test module 'C:\Users\angel.alvarez\PycharmProjects\mad-data-lab\tests\test_mdl6_observability.py'.
Hint: make sure your test modules/packages have valid Python names.
Traceback:
..\..\AppData\Local\Programs\Python\Python311\Lib\importlib\__init__.py:126: in import_module
    return _bootstrap._gcd_import(name[level:], package, level)
           ^^^^^^^^^^^^^^^^^^^^^^^^^^^^^^^^^^^^^^^^^^^^^^^^^^^^
tests\test_mdl6_observability.py:4: in &lt;module&gt;
    from server.main import _safe_log_fields, log_event
server\main.py:15: in &lt;module&gt;
    from fastapi import FastAPI, HTTPException, Query, Request, Header
.testdeps\fastapi\__init__.py:7: in &lt;module&gt;
    from .applications import FastAPI as FastAPI
.testdeps\fastapi\applications.py:7: in &lt;module&gt;
    from fastapi import routing
.testdeps\fastapi\routing.py:45: in &lt;module&gt;
    from fastapi import params
.testdeps\fastapi\params.py:7: in &lt;module&gt;
    from fastapi.exceptions import FastAPIDeprecationWarning
.testdeps\fastapi\exceptions.py:5: in &lt;module&gt;
    from pydantic import BaseModel, create_model
.testdeps\pydantic\__init__.py:5: in &lt;module&gt;
    from ._migration import getattr_migration
.testdeps\pydantic\_migration.py:4: in &lt;module&gt;
    from pydantic.warnings import PydanticDeprecatedSince20
.testdeps\pydantic\warnings.py:5: in &lt;module&gt;
    from .version import version_short
.testdeps\pydantic\version.py:7: in &lt;module&gt;
    from pydantic_core import __version__ as __pydantic_core_version__
.testdeps\pydantic_core\__init__.py:8: in &lt;module&gt;
    from ._pydantic_core import (
E   ModuleNotFoundError: No module named 'pydantic_core._pydantic_core'</error></testcase><testcase classname="" name="tests.test_mdl6_resilience" time="0.000"><error message="collection failure">ImportError while importing test module 'C:\Users\angel.alvarez\PycharmProjects\mad-data-lab\tests\test_mdl6_resilience.py'.
Hint: make sure your test modules/packages have valid Python names.
Traceback:
..\..\AppData\Local\Programs\Python\Python311\Lib\importlib\__init__.py:126: in import_module
    return _bootstrap._gcd_import(name[level:], package, level)
           ^^^^^^^^^^^^^^^^^^^^^^^^^^^^^^^^^^^^^^^^^^^^^^^^^^^^
tests\test_mdl6_resilience.py:1: in &lt;module&gt;
    from server.genie import GenieAdapter
server\genie.py:11: in &lt;module&gt;
    from .catalog import DEFAULT_CASE_ID, get_any_case
server\catalog.py:6: in &lt;module&gt;
    from backend.domain.catalog import load_catalog
backend\domain\__init__.py:3: in &lt;module&gt;
    from .catalog import CatalogError, load_catalog, load_case_models
backend\domain\catalog.py:10: in &lt;module&gt;
    from .models import Case
backend\domain\models.py:7: in &lt;module&gt;
    from pydantic import BaseModel, ConfigDict, Field, model_validator
.testdeps\pydantic\__init__.py:5: in &lt;module&gt;
    from ._migration import getattr_migration
.testdeps\pydantic\_migration.py:4: in &lt;module&gt;
    from pydantic.warnings import PydanticDeprecatedSince20
.testdeps\pydantic\warnings.py:5: in &lt;module&gt;
    from .version import version_short
.testdeps\pydantic\version.py:7: in &lt;module&gt;
    from pydantic_core import __version__ as __pydantic_core_version__
.testdeps\pydantic_core\__init__.py:8: in &lt;module&gt;
    from ._pydantic_core import (
E   ModuleNotFoundError: No module named 'pydantic_core._pydantic_core'</error></testcase><testcase classname="" name="tests.test_orchestration" time="0.000"><error message="collection failure">ImportError while importing test module 'C:\Users\angel.alvarez\PycharmProjects\mad-data-lab\tests\test_orchestration.py'.
Hint: make sure your test modules/packages have valid Python names.
Traceback:
..\..\AppData\Local\Programs\Python\Python311\Lib\importlib\__init__.py:126: in import_module
    return _bootstrap._gcd_import(name[level:], package, level)
           ^^^^^^^^^^^^^^^^^^^^^^^^^^^^^^^^^^^^^^^^^^^^^^^^^^^^
tests\test_orchestration.py:3: in &lt;module&gt;
    from backend.domain.orchestration import DecisionOrchestrator
backend\domain\__init__.py:3: in &lt;module&gt;
    from .catalog import CatalogError, load_catalog, load_case_models
backend\domain\catalog.py:10: in &lt;module&gt;
    from .models import Case
backend\domain\models.py:7: in &lt;module&gt;
    from pydantic import BaseModel, ConfigDict, Field, model_validator
.testdeps\pydantic\__init__.py:5: in &lt;module&gt;
    from ._migration import getattr_migration
.testdeps\pydantic\_migration.py:4: in &lt;module&gt;
    from pydantic.warnings import PydanticDeprecatedSince20
.testdeps\pydantic\warnings.py:5: in &lt;module&gt;
    from .version import version_short
.testdeps\pydantic\version.py:7: in &lt;module&gt;
    from pydantic_core import __version__ as __pydantic_core_version__
.testdeps\pydantic_core\__init__.py:8: in &lt;module&gt;
    from ._pydantic_core import (
E   ModuleNotFoundError: No module named 'pydantic_core._pydantic_core'</error></testcase><testcase classname="" name="tests.test_query_registry" time="0.000"><error message="collection failure">ImportError while importing test module 'C:\Users\angel.alvarez\PycharmProjects\mad-data-lab\tests\test_query_registry.py'.
Hint: make sure your test modules/packages have valid Python names.
Traceback:
..\..\AppData\Local\Programs\Python\Python311\Lib\importlib\__init__.py:126: in import_module
    return _bootstrap._gcd_import(name[level:], package, level)
           ^^^^^^^^^^^^^^^^^^^^^^^^^^^^^^^^^^^^^^^^^^^^^^^^^^^^
tests\test_query_registry.py:3: in &lt;module&gt;
    from backend.genie.query_registry import render_query, resolve_query, validate_reconciliation, validate_result
backend\genie\__init__.py:3: in &lt;module&gt;
    from .protocol import (
backend\genie\protocol.py:14: in &lt;module&gt;
    from pydantic import BaseModel, ConfigDict, Field, field_validator, model_validator
.testdeps\pydantic\__init__.py:5: in &lt;module&gt;
    from ._migration import getattr_migration
.testdeps\pydantic\_migration.py:4: in &lt;module&gt;
    from pydantic.warnings import PydanticDeprecatedSince20
.testdeps\pydantic\warnings.py:5: in &lt;module&gt;
    from .version import version_short
.testdeps\pydantic\version.py:7: in &lt;module&gt;
    from pydantic_core import __version__ as __pydantic_core_version__
.testdeps\pydantic_core\__init__.py:8: in &lt;module&gt;
    from ._pydantic_core import (
E   ModuleNotFoundError: No module named 'pydantic_core._pydantic_core'</error></testcase><testcase classname="" name="tests.test_sql_models" time="0.000"><error message="collection failure">ImportError while importing test module 'C:\Users\angel.alvarez\PycharmProjects\mad-data-lab\tests\test_sql_models.py'.
Hint: make sure your test modules/packages have valid Python names.
Traceback:
..\..\AppData\Local\Programs\Python\Python311\Lib\importlib\__init__.py:126: in import_module
    return _bootstrap._gcd_import(name[level:], package, level)
           ^^^^^^^^^^^^^^^^^^^^^^^^^^^^^^^^^^^^^^^^^^^^^^^^^^^^
tests\test_sql_models.py:5: in &lt;module&gt;
    from backend.data.models import (
backend\data\models.py:4: in &lt;module&gt;
    from pydantic import BaseModel, ConfigDict, Field
.testdeps\pydantic\__init__.py:5: in &lt;module&gt;
    from ._migration import getattr_migration
.testdeps\pydantic\_migration.py:4: in &lt;module&gt;
    from pydantic.warnings import PydanticDeprecatedSince20
.testdeps\pydantic\warnings.py:5: in &lt;module&gt;
    from .version import version_short
.testdeps\pydantic\version.py:7: in &lt;module&gt;
    from pydantic_core import __version__ as __pydantic_core_version__
.testdeps\pydantic_core\__init__.py:8: in &lt;module&gt;
    from ._pydantic_core import (
E   ModuleNotFoundError: No module named 'pydantic_core._pydantic_core'</error></testcase><testcase classname="" name="tests.test_technical_debt" time="0.000"><error message="collection failure">ImportError while importing test module 'C:\Users\angel.alvarez\PycharmProjects\mad-data-lab\tests\test_technical_debt.py'.
Hint: make sure your test modules/packages have valid Python names.
Traceback:
..\..\AppData\Local\Programs\Python\Python311\Lib\importlib\__init__.py:126: in import_module
    return _bootstrap._gcd_import(name[level:], package, level)
           ^^^^^^^^^^^^^^^^^^^^^^^^^^^^^^^^^^^^^^^^^^^^^^^^^^^^
tests\test_technical_debt.py:7: in &lt;module&gt;
    from server.catalog import FULL_CASE_CATALOG, case_availability
server\catalog.py:6: in &lt;module&gt;
    from backend.domain.catalog import load_catalog
backend\domain\__init__.py:3: in &lt;module&gt;
    from .catalog import CatalogError, load_catalog, load_case_models
backend\domain\catalog.py:10: in &lt;module&gt;
    from .models import Case
backend\domain\models.py:7: in &lt;module&gt;
    from pydantic import BaseModel, ConfigDict, Field, model_validator
.testdeps\pydantic\__init__.py:5: in &lt;module&gt;
    from ._migration import getattr_migration
.testdeps\pydantic\_migration.py:4: in &lt;module&gt;
    from pydantic.warnings import PydanticDeprecatedSince20
.testdeps\pydantic\warnings.py:5: in &lt;module&gt;
    from .version import version_short
.testdeps\pydantic\version.py:7: in &lt;module&gt;
    from pydantic_core import __version__ as __pydantic_core_version__
.testdeps\pydantic_core\__init__.py:8: in &lt;module&gt;
    from ._pydantic_core import (
E   ModuleNotFoundError: No module named 'pydantic_core._pydantic_core'</error></testcase></testsuite></testsuites>