<?xml version="1.0" encoding="utf-8"?><testsuites name="pytest tests"><testsuite name="pytest" errors="0" failures="0" skipped="0" tests="66" time="8.872" timestamp="2026-08-24T23:00:34.201331+02:00" hostname="T14-PF4WM3XL"><testcase classname="tests.test_case_contract.Case042ContractTests" name="test_canonical_case_contract_metadata_is_published" time="0.010" /><testcase classname="tests.test_case_contract.Case042ContractTests" name="test_case042_dq_signal_is_non_additive" time="0.001" /><testcase classname="tests.test_case_contract.Case042ContractTests" name="test_case042_reconciles" time="0.001" /><testcase classname="tests.test_case_contract.Case042ContractTests" name="test_case_availability_is_server_controlled_review_mode" time="0.035" /><testcase classname="tests.test_case_contract.Case042ContractTests" name="test_case_detail_and_evidence_are_publicly_curated" time="0.061" /><testcase classname="tests.test_case_contract.Case042ContractTests" name="test_case_experiment_contract_is_explicit_for_future_cases" time="0.010" /><testcase classname="tests.test_case_contract.Case042ContractTests" name="test_case_registry_drives_live_allowlist" time="0.001" /><testcase classname="tests.test_case_contract.Case042ContractTests" name="test_catalog_helper_resolves_full_game_cases" time="0.001" /><testcase classname="tests.test_case_contract.Case042ContractTests" name="test_complete_catalog_is_published_but_only_core_cases_start" time="0.014" /><testcase classname="tests.test_case_contract.Case042ContractTests" name="test_completion_records_best_score_and_hints_reduce_score" time="0.088" /><testcase classname="tests.test_case_contract.Case042ContractTests" name="test_deployed_frontend_uses_same_origin_api_by_default" time="0.001" /><testcase classname="tests.test_case_contract.Case042ContractTests" name="test_documented_session_route_aliases" time="0.024" /><testcase classname="tests.test_case_contract.Case042ContractTests" name="test_every_defined_case_has_a_registered_experiment_contract" time="0.043" /><testcase classname="tests.test_case_contract.Case042ContractTests" name="test_evidence_is_bounded_filterable_and_request_has_id" time="0.029" /><testcase classname="tests.test_case_contract.Case042ContractTests" name="test_experiments_are_ordered_and_closed" time="0.016" /><testcase classname="tests.test_case_contract.Case042ContractTests" name="test_fixture_payload_preserves_requested_case_id" time="0.007" /><testcase classname="tests.test_case_contract.Case042ContractTests" name="test_full_fixture_progression_closes_after_case042_sequence" time="0.036" /><testcase classname="tests.test_case_contract.Case042ContractTests" name="test_future_cases_are_catalogued_but_locked" time="0.006" /><testcase classname="tests.test_case_contract.Case042ContractTests" name="test_genie_control_allowlist_can_expand_per_case" time="0.001" /><testcase classname="tests.test_case_contract.Case042ContractTests" name="test_genie_prompt_is_case_scoped" time="0.001" /><testcase classname="tests.test_case_contract.Case042ContractTests" name="test_genie_protocol_rejects_invalid_status_duplicate_json_and_script" time="0.001" /><testcase classname="tests.test_case_contract.Case042ContractTests" name="test_health_reports_fixture_without_genie_resource" time="0.005" /><testcase classname="tests.test_case_contract.Case042ContractTests" name="test_hints_are_server_ledgered_progressive_and_bounded" time="0.020" /><testcase classname="tests.test_case_contract.Case042ContractTests" name="test_invalid_case_is_rejected" time="0.004" /><testcase classname="tests.test_case_contract.Case042ContractTests" name="test_non_json_genie_output_is_rejected_instead_of_synthesized" time="0.001" /><testcase classname="tests.test_case_contract.Case042ContractTests" name="test_restart_is_recoverable_and_keeps_case_isolation" time="0.023" /><testcase classname="tests.test_case_contract.Case042ContractTests" name="test_score_dto_reports_evidence_badge_and_event_ledger" time="0.052" /><testcase classname="tests.test_case_contract.Case042ContractTests" name="test_secondary_experiments_expose_contract_evidence" time="0.025" /><testcase classname="tests.test_case_contract.Case042ContractTests" name="test_session_events_are_sequenced_and_append_only" time="0.032" /><testcase classname="tests.test_case_contract.Case042ContractTests" name="test_session_lifecycle_is_server_authoritative" time="0.074" /><testcase classname="tests.test_case_contract.Case042ContractTests" name="test_session_next_ignores_forged_client_completion_and_blocks_early_verdict" time="0.037" /><testcase classname="tests.test_case_contract.Case042ContractTests" name="test_unknown_session_is_not_created_or_leaked" time="0.015" /><testcase classname="tests.test_contract_validator" name="test_mdl2_contract_validator_passes_in_progress_mode" time="0.223" /><testcase classname="tests.test_contract_validator" name="test_mdl2_art_candidate_slots_are_complete_and_stable" time="0.002" /><testcase classname="tests.test_domain.DeterministicCaseTests" name="test_all_seven_case_observations_and_truth_are_materialized" time="0.005" /><testcase classname="tests.test_domain.DeterministicCaseTests" name="test_case042_golden_invariants" time="0.003" /><testcase classname="tests.test_domain.DeterministicCaseTests" name="test_curated_projection_has_no_private_truth" time="0.004" /><testcase classname="tests.test_domain.DeterministicCaseTests" name="test_record_null_semantics" time="0.002" /><testcase classname="tests.test_domain.DeterministicCaseTests" name="test_same_seed_is_byte_stable_and_other_seed_varies" time="0.003" /><testcase classname="tests.test_live_sql_contract" name="test_live_sql_plan_uses_all_closed_queries_and_no_legacy_schema" time="0.170" /><testcase classname="tests.test_live_sql_contract" name="test_q4_declares_and_binds_case_and_limit_parameters" time="0.006" /><testcase classname="tests.test_live_sql_contract" name="test_query_registry_matches_trusted_sql_placeholder_counts" time="0.011" /><testcase classname="tests.test_mdl2_data.Mdl2DataTests" name="test_all_operator_ids_are_deterministic_and_pure" time="0.002" /><testcase classname="tests.test_mdl2_data.Mdl2DataTests" name="test_canonical_domains_and_population_hashes" time="0.012" /><testcase classname="tests.test_mdl2_data.Mdl2DataTests" name="test_canonical_hash_is_independent_of_array_insertion_order" time="0.022" /><testcase classname="tests.test_mdl2_data.Mdl2DataTests" name="test_exact_snapshot_plan" time="0.008" /><testcase classname="tests.test_mdl2_data.Mdl2DataTests" name="test_generator_exposes_all_required_phases" time="0.005" /><testcase classname="tests.test_mdl2_data.Mdl2DataTests" name="test_golden_values_and_hash_are_deterministic" time="0.015" /><testcase classname="tests.test_mdl2_data.Mdl2DataTests" name="test_lineage_semantic_and_pipeline_evidence_are_public_and_resolvable" time="0.007" /><testcase classname="tests.test_mdl2_data.Mdl2DataTests" name="test_property_seeds_vary_without_changing_release_artifact" time="4.868" /><testcase classname="tests.test_mdl2_data.Mdl2DataTests" name="test_release_seed_is_locked" time="0.003" /><testcase classname="tests.test_mdl2_data.Mdl2DataTests" name="test_truth_is_not_in_public_projection" time="0.014" /><testcase classname="tests.test_mdl2_deployment_contract.DeploymentContractTests" name="test_identifiers_and_case_ids_fail_closed" time="0.002" /><testcase classname="tests.test_mdl2_deployment_contract.DeploymentContractTests" name="test_seed_cli_exposes_locked_plan_apply_verify_contract" time="0.666" /><testcase classname="tests.test_mdl2_deployment_contract.DeploymentContractTests" name="test_seed_plan_is_reproducible_and_not_apply" time="0.458" /><testcase classname="tests.test_mdl2_deployment_contract.DeploymentContractTests" name="test_seed_sql_is_case_scoped_and_public_only" time="0.347" /><testcase classname="tests.test_mdl2_deployment_contract.DeploymentContractTests" name="test_sql_connection_options_use_oauth_and_never_pat" time="0.003" /><testcase classname="tests.test_mdl2_deployment_contract.DeploymentContractTests" name="test_trusted_sql_uses_native_parameters_and_closed_catalog_placeholders" time="0.007" /><testcase classname="tests.test_mutation.MutationTests" name="test_mutations_are_deterministic_and_preserve_null_semantics" time="0.002" /><testcase classname="tests.test_mutation.MutationTests" name="test_structural_operators_have_expected_effect" time="0.002" /><testcase classname="tests.test_runtime_digest" name="test_runtime_digest_is_deterministic" time="0.383" /><testcase classname="tests.test_sql_models" name="test_sql_decimal_models_preserve_cent_precision_and_reject_unknown_columns" time="0.002" /><testcase classname="tests.test_sql_models" name="test_all_trusted_result_shapes_are_typed" time="0.003" /><testcase classname="tests.test_state.StateMachineTests" name="test_illegal_transition_is_rejected" time="0.003" /><testcase classname="tests.test_state.StateMachineTests" name="test_legal_player_journey" time="0.004" /><testcase classname="tests.test_traceability" name="test_g42_traceability_is_unique_and_complete" time="0.128" /></testsuite></testsuites>