<?xml version="1.0" encoding="utf-8"?><testsuites name="pytest tests"><testsuite name="pytest" errors="0" failures="0" skipped="0" tests="134" time="10.298" timestamp="2026-08-26T03:51:46.236414+02:00" hostname="T14-PF4WM3XL"><testcase classname="tests.test_canonical_artifacts" name="test_catalog_has_track_and_only_case042_playable" time="0.002" /><testcase classname="tests.test_canonical_artifacts" name="test_canonical_catalog_loader_validates_shape_and_identity" time="0.007" /><testcase classname="tests.test_canonical_artifacts" name="test_canonical_catalog_loader_rejects_duplicate_or_extra_fields" time="0.015" /><testcase classname="tests.test_canonical_artifacts" name="test_canonical_catalog_loader_rejects_private_truth_markers" time="0.006" /><testcase classname="tests.test_canonical_artifacts" name="test_genie_registry_is_versioned_and_closed" time="0.001" /><testcase classname="tests.test_canonical_artifacts" name="test_genie_agent_source_is_exact_sorted_curated_set" time="0.002" /><testcase classname="tests.test_canonical_artifacts" name="test_permanent_instructions_protect_truth_boundary" time="0.001" /><testcase classname="tests.test_case_contract.Case042ContractTests" name="test_canonical_case_contract_metadata_is_published" time="0.007" /><testcase classname="tests.test_case_contract.Case042ContractTests" name="test_case042_dq_signal_is_non_additive" time="0.001" /><testcase classname="tests.test_case_contract.Case042ContractTests" name="test_case042_reconciles" time="0.001" /><testcase classname="tests.test_case_contract.Case042ContractTests" name="test_case_availability_is_server_controlled_review_mode" time="0.019" /><testcase classname="tests.test_case_contract.Case042ContractTests" name="test_case_detail_and_evidence_are_publicly_curated" time="0.029" /><testcase classname="tests.test_case_contract.Case042ContractTests" name="test_case_experiment_contract_is_explicit_for_future_cases" time="0.004" /><testcase classname="tests.test_case_contract.Case042ContractTests" name="test_case_registry_drives_live_allowlist" time="0.001" /><testcase classname="tests.test_case_contract.Case042ContractTests" name="test_catalog_helper_resolves_full_game_cases" time="0.000" /><testcase classname="tests.test_case_contract.Case042ContractTests" name="test_complete_catalog_is_published_but_only_core_cases_start" time="0.007" /><testcase classname="tests.test_case_contract.Case042ContractTests" name="test_completion_records_best_score_and_hints_reduce_score" time="0.043" /><testcase classname="tests.test_case_contract.Case042ContractTests" name="test_concurrent_next_requests_append_only_one_experiment_per_action" time="0.018" /><testcase classname="tests.test_case_contract.Case042ContractTests" name="test_deployed_frontend_uses_same_origin_api_by_default" time="0.001" /><testcase classname="tests.test_case_contract.Case042ContractTests" name="test_documented_session_route_aliases" time="0.044" /><testcase classname="tests.test_case_contract.Case042ContractTests" name="test_every_defined_case_has_a_registered_experiment_contract" time="0.026" /><testcase classname="tests.test_case_contract.Case042ContractTests" name="test_evidence_is_bounded_filterable_and_request_has_id" time="0.020" /><testcase classname="tests.test_case_contract.Case042ContractTests" name="test_experiments_are_ordered_and_closed" time="0.013" /><testcase classname="tests.test_case_contract.Case042ContractTests" name="test_fixture_payload_preserves_requested_case_id" time="0.006" /><testcase classname="tests.test_case_contract.Case042ContractTests" name="test_full_fixture_progression_closes_after_case042_sequence" time="0.026" /><testcase classname="tests.test_case_contract.Case042ContractTests" name="test_future_cases_are_catalogued_but_locked" time="0.004" /><testcase classname="tests.test_case_contract.Case042ContractTests" name="test_genie_control_allowlist_can_expand_per_case" time="0.001" /><testcase classname="tests.test_case_contract.Case042ContractTests" name="test_genie_prompt_is_case_scoped" time="0.000" /><testcase classname="tests.test_case_contract.Case042ContractTests" name="test_genie_protocol_rejects_invalid_status_duplicate_json_and_script" time="0.001" /><testcase classname="tests.test_case_contract.Case042ContractTests" name="test_genie_sql_attachment_payload_is_normalized" time="0.001" /><testcase classname="tests.test_case_contract.Case042ContractTests" name="test_health_reports_fixture_without_genie_resource" time="0.004" /><testcase classname="tests.test_case_contract.Case042ContractTests" name="test_hints_are_server_ledgered_progressive_and_bounded" time="0.017" /><testcase classname="tests.test_case_contract.Case042ContractTests" name="test_invalid_case_is_rejected" time="0.003" /><testcase classname="tests.test_case_contract.Case042ContractTests" name="test_non_json_genie_output_is_rejected_instead_of_synthesized" time="0.001" /><testcase classname="tests.test_case_contract.Case042ContractTests" name="test_production_without_genie_fails_closed_instead_of_using_fixture" time="0.007" /><testcase classname="tests.test_case_contract.Case042ContractTests" name="test_restart_is_recoverable_and_keeps_case_isolation" time="0.020" /><testcase classname="tests.test_case_contract.Case042ContractTests" name="test_score_dto_reports_evidence_badge_and_event_ledger" time="0.036" /><testcase classname="tests.test_case_contract.Case042ContractTests" name="test_secondary_experiments_expose_contract_evidence" time="0.015" /><testcase classname="tests.test_case_contract.Case042ContractTests" name="test_session_events_are_sequenced_and_append_only" time="0.024" /><testcase classname="tests.test_case_contract.Case042ContractTests" name="test_session_lifecycle_is_server_authoritative" time="0.042" /><testcase classname="tests.test_case_contract.Case042ContractTests" name="test_session_next_ignores_forged_client_completion_and_blocks_early_verdict" time="0.018" /><testcase classname="tests.test_case_contract.Case042ContractTests" name="test_unknown_session_is_not_created_or_leaked" time="0.007" /><testcase classname="tests.test_catalog_runtime_boundary" name="test_runtime_catalog_boundary_validates_canonical_artifact" time="0.000" /><testcase classname="tests.test_config" name="test_local_defaults_allow_fixture_mode" time="0.000" /><testcase classname="tests.test_config" name="test_deployed_defaults_fail_closed" time="0.000" /><testcase classname="tests.test_config" name="test_explicit_flags_and_genie_alias" time="0.000" /><testcase classname="tests.test_config" name="test_genie_budget_can_be_configured" time="0.000" /><testcase classname="tests.test_config" name="test_invalid_genie_budget_is_rejected" time="0.001" /><testcase classname="tests.test_configure_genie" name="test_configure_genie_renders_only_validated_source_identifiers" time="0.296" /><testcase classname="tests.test_configure_genie" name="test_configure_genie_rejects_sql_identifier_injection" time="0.290" /><testcase classname="tests.test_contract_validator" name="test_mdl2_contract_validator_passes_in_progress_mode" time="0.405" /><testcase classname="tests.test_contract_validator" name="test_mdl2_art_candidate_slots_are_complete_and_stable" time="0.003" /><testcase classname="tests.test_domain.DeterministicCaseTests" name="test_all_seven_case_observations_and_truth_are_materialized" time="0.005" /><testcase classname="tests.test_domain.DeterministicCaseTests" name="test_case042_golden_invariants" time="0.002" /><testcase classname="tests.test_domain.DeterministicCaseTests" name="test_curated_projection_has_no_private_truth" time="0.003" /><testcase classname="tests.test_domain.DeterministicCaseTests" name="test_record_null_semantics" time="0.002" /><testcase classname="tests.test_domain.DeterministicCaseTests" name="test_same_seed_is_byte_stable_and_other_seed_varies" time="0.003" /><testcase classname="tests.test_domain_models" name="test_domain_models_use_canonical_vocabulary" time="0.002" /><testcase classname="tests.test_domain_models" name="test_domain_models_reject_unknown_fields_and_invalid_ids" time="0.001" /><testcase classname="tests.test_domain_models" name="test_case_rejects_identity_and_release_contradictions" time="0.002" /><testcase classname="tests.test_genie_retry_policy" name="test_start_allows_only_one_repair_attempt" time="0.002" /><testcase classname="tests.test_genie_timing" name="test_wait_for_message_uses_injected_clock_and_sleeper" time="0.003" /><testcase classname="tests.test_genie_timing" name="test_wait_for_message_has_bounded_timeout" time="0.003" /><testcase classname="tests.test_live_sql_contract" name="test_live_sql_plan_uses_all_closed_queries_and_no_legacy_schema" time="0.116" /><testcase classname="tests.test_live_sql_contract" name="test_q4_declares_and_binds_case_and_limit_parameters" time="0.004" /><testcase classname="tests.test_live_sql_contract" name="test_query_registry_matches_trusted_sql_placeholder_counts" time="0.008" /><testcase classname="tests.test_live_sql_contract" name="test_sdk_cursor_binds_only_validated_positional_values" time="2.306" /><testcase classname="tests.test_live_v3_bridge" name="test_live_adapter_validates_v3_response_before_legacy_fallback" time="0.002" /><testcase classname="tests.test_live_v3_bridge" name="test_live_adapter_rejects_invalid_v3_response" time="0.002" /><testcase classname="tests.test_live_v3_bridge" name="test_production_prompt_requests_v3_protocol" time="0.000" /><testcase classname="tests.test_mdl1_foundation_artifacts" name="test_challenge_rules_record_genie_core_and_track" time="0.002" /><testcase classname="tests.test_mdl1_foundation_artifacts" name="test_platform_baseline_records_runtime_boundary" time="0.002" /><testcase classname="tests.test_mdl1_foundation_artifacts" name="test_app_manifest_declares_genie_budget_defaults" time="0.002" /><testcase classname="tests.test_mdl2_data.Mdl2DataTests" name="test_all_operator_ids_are_deterministic_and_pure" time="0.002" /><testcase classname="tests.test_mdl2_data.Mdl2DataTests" name="test_canonical_domains_and_population_hashes" time="0.004" /><testcase classname="tests.test_mdl2_data.Mdl2DataTests" name="test_canonical_hash_is_independent_of_array_insertion_order" time="0.009" /><testcase classname="tests.test_mdl2_data.Mdl2DataTests" name="test_exact_snapshot_plan" time="0.004" /><testcase classname="tests.test_mdl2_data.Mdl2DataTests" name="test_generator_exposes_all_required_phases" time="0.004" /><testcase classname="tests.test_mdl2_data.Mdl2DataTests" name="test_golden_values_and_hash_are_deterministic" time="0.007" /><testcase classname="tests.test_mdl2_data.Mdl2DataTests" name="test_lineage_semantic_and_pipeline_evidence_are_public_and_resolvable" time="0.004" /><testcase classname="tests.test_mdl2_data.Mdl2DataTests" name="test_property_seeds_vary_without_changing_release_artifact" time="2.866" /><testcase classname="tests.test_mdl2_data.Mdl2DataTests" name="test_release_seed_is_locked" time="0.001" /><testcase classname="tests.test_mdl2_data.Mdl2DataTests" name="test_truth_is_not_in_public_projection" time="0.007" /><testcase classname="tests.test_mdl2_deployment_contract.DeploymentContractTests" name="test_identifiers_and_case_ids_fail_closed" time="0.001" /><testcase classname="tests.test_mdl2_deployment_contract.DeploymentContractTests" name="test_seed_cli_exposes_locked_plan_apply_verify_contract" time="0.357" /><testcase classname="tests.test_mdl2_deployment_contract.DeploymentContractTests" name="test_seed_plan_is_reproducible_and_not_apply" time="0.247" /><testcase classname="tests.test_mdl2_deployment_contract.DeploymentContractTests" name="test_seed_sql_is_case_scoped_and_public_only" time="0.153" /><testcase classname="tests.test_mdl2_deployment_contract.DeploymentContractTests" name="test_sql_connection_options_use_oauth_and_never_pat" time="0.002" /><testcase classname="tests.test_mdl2_deployment_contract.DeploymentContractTests" name="test_trusted_sql_uses_native_parameters_and_closed_catalog_placeholders" time="0.007" /><testcase classname="tests.test_mdl3_benchmark" name="test_fixture_benchmark_emits_30_attempts_and_junit" time="0.276" /><testcase classname="tests.test_mdl3_benchmark" name="test_live_mode_does_not_silently_use_fixture" time="0.276" /><testcase classname="tests.test_mdl3_config_digest" name="test_locked_benchmark_contains_exact_30_attempts" time="0.025" /><testcase classname="tests.test_mdl3_config_digest" name="test_contract_digest_changes_when_instruction_changes" time="0.014" /><testcase classname="tests.test_mdl3_config_digest" name="test_benchmark_validator_rejects_missing_or_reordered_ids" time="0.011" /><testcase classname="tests.test_mdl3_config_digest" name="test_agent_source_renderer_allows_valid_identifiers_and_rejects_injection" time="0.003" /><testcase classname="tests.test_mdl3_contract_gate" name="test_mdl3_contract_gate_passes_and_writes_digest_artifact" time="0.396" /><testcase classname="tests.test_mdl3_decisions" name="test_pending_decision_is_not_consumed_until_next_action" time="0.001" /><testcase classname="tests.test_mdl3_decisions" name="test_stale_pending_decision_is_rejected_and_concurrent_put_is_blocked" time="0.001" /><testcase classname="tests.test_mdl3_evidence" name="test_current_evidence_identity_is_accepted" time="0.001" /><testcase classname="tests.test_mdl3_evidence" name="test_any_identity_drift_is_rejected[implementation_sha]" time="0.001" /><testcase classname="tests.test_mdl3_evidence" name="test_any_identity_drift_is_rejected[genie_contract_digest]" time="0.001" /><testcase classname="tests.test_mdl3_evidence" name="test_any_identity_drift_is_rejected[genie_live_config_sha256]" time="0.001" /><testcase classname="tests.test_mdl3_evidence" name="test_any_identity_drift_is_rejected[mdl2_data_contract_digest]" time="0.001" /><testcase classname="tests.test_mdl3_evidence" name="test_any_identity_drift_is_rejected[case_hash]" time="0.001" /><testcase classname="tests.test_mdl3_evidence" name="test_mixed_or_incomplete_batches_are_rejected" time="0.001" /><testcase classname="tests.test_mdl3_evidence" name="test_failed_attempts_and_wrong_benchmark_ids_are_rejected" time="0.001" /><testcase classname="tests.test_mdl3_lifecycle" name="test_one_repair_then_success_and_query_runs_after_validation" time="0.003" /><testcase classname="tests.test_mdl3_lifecycle" name="test_second_invalid_protocol_never_runs_query" time="0.001" /><testcase classname="tests.test_mdl3_lifecycle" name="test_query_failure_preserves_valid_selection_but_is_not_committed" time="0.001" /><testcase classname="tests.test_mdl3_protocol" name="test_accepts_direct_and_single_fenced_json" time="0.001" /><testcase classname="tests.test_mdl3_protocol" name="test_rejects_ambiguous_or_missing_control[]" time="0.001" /><testcase classname="tests.test_mdl3_protocol" name="test_rejects_ambiguous_or_missing_control[plain prose]" time="0.001" /><testcase classname="tests.test_mdl3_protocol" name="test_rejects_ambiguous_or_missing_control[{}\n{}]" time="0.001" /><testcase classname="tests.test_mdl3_protocol" name="test_rejects_ambiguous_or_missing_control[```json\n{}\n```\n```json\n{}\n```]" time="0.001" /><testcase classname="tests.test_mdl3_protocol" name="test_strict_domain_validation_rejects_wrong_case_unknown_fields_and_completed" time="0.001" /><testcase classname="tests.test_mdl3_protocol" name="test_action_semantics_and_instrument_allowlist" time="0.001" /><testcase classname="tests.test_mdl3_protocol" name="test_duplicate_hypotheses_and_unknown_targets_are_rejected" time="0.001" /><testcase classname="tests.test_mdl3_protocol" name="test_assertive_hypothesis_status_requires_evidence" time="0.001" /><testcase classname="tests.test_mdl3_protocol" name="test_unknown_hypothesis_id_is_rejected_for_active_case" time="0.001" /><testcase classname="tests.test_mdl3_protocol" name="test_sql_control_text_is_rejected" time="0.001" /><testcase classname="tests.test_mutation.MutationTests" name="test_mutations_are_deterministic_and_preserve_null_semantics" time="0.001" /><testcase classname="tests.test_mutation.MutationTests" name="test_structural_operators_have_expected_effect" time="0.001" /><testcase classname="tests.test_pytest_gate" name="test_pytest_gate_exists_and_is_release_safe" time="0.001" /><testcase classname="tests.test_query_registry" name="test_trusted_query_is_closed_case_scoped_and_bounded" time="0.001" /><testcase classname="tests.test_query_registry" name="test_arbitrary_query_and_cross_case_result_are_rejected" time="0.001" /><testcase classname="tests.test_runtime_digest" name="test_runtime_digest_is_deterministic" time="0.147" /><testcase classname="tests.test_runtime_digest" name="test_runtime_digest_file_set_includes_genie_contract_and_case_catalog" time="0.016" /><testcase classname="tests.test_sql_models" name="test_sql_decimal_models_preserve_cent_precision_and_reject_unknown_columns" time="0.001" /><testcase classname="tests.test_sql_models" name="test_all_trusted_result_shapes_are_typed" time="0.001" /><testcase classname="tests.test_state.StateMachineTests" name="test_illegal_transition_is_rejected" time="0.001" /><testcase classname="tests.test_state.StateMachineTests" name="test_legal_player_journey" time="0.001" /><testcase classname="tests.test_traceability" name="test_g42_traceability_is_unique_and_complete" time="0.075" /><testcase classname="tests.test_validate_mdl3_evidence" name="test_cli_accepts_current_artifact" time="0.227" /><testcase classname="tests.test_validate_mdl3_evidence" name="test_cli_rejects_stale_artifact" time="0.242" /></testsuite></testsuites>